
Better Codes Found on 28.09.2018 12:41:38: (Tabelle 3.11 Reproduktion: Homo Sapiens CCDS)
   [Bias = 1]
   [MS1,MS2,MS3,MS0,rMS,lMS,fMS,GMS,ImmerBesser] [3086, 221300, 74, 125, 267, 267, 267, 37, 0]

Better Codes Found on 28.09.2018 12:43:16: (Tabelle 3.11 Reproduktion: Homo Sapiens CCDS)
   [NA][Bias = 1]
   [MS1,MS2,MS3,MS0,rMS,lMS,fMS,GMS,ImmerBesser] [2692, 212730, 73, 103, 256, 430, 331, 41, 0]

Better Codes Found on 28.09.2018 12:44:55: (Tabelle 3.11 Reproduktion: Homo Sapiens CCDS)
   [TA][Bias = 1]
   [MS1,MS2,MS3,MS0,rMS,lMS,fMS,GMS,ImmerBesser] [4138, 446816, 56, 2429, 2166, 1177, 1328, 437, 0]

Better Codes Found on 28.09.2018 12:46:34: (Tabelle 3.11 Reproduktion: Homo Sapiens CCDS)
   [TT][Bias = 1]
   [MS1,MS2,MS3,MS0,rMS,lMS,fMS,GMS,ImmerBesser] [3086, 221300, 74, 125, 1504, 1142, 953, 68, 0]

Better Codes Found on 28.09.2018 12:48:14: (Tabelle 3.11 Reproduktion: Homo Sapiens CCDS)
   [NA][TA][Bias = 1]
   [MS1,MS2,MS3,MS0,rMS,lMS,fMS,GMS,ImmerBesser] [3573, 425684, 56, 2037, 2149, 2014, 1723, 489, 0]

Better Codes Found on 28.09.2018 12:49:56: (Tabelle 3.11 Reproduktion: Homo Sapiens CCDS)
   [NA][TT][Bias = 1]
   [MS1,MS2,MS3,MS0,rMS,lMS,fMS,GMS,ImmerBesser] [2692, 212730, 73, 103, 1620, 1727, 1196, 78, 0]

Better Codes Found on 28.09.2018 12:51:35: (Tabelle 3.11 Reproduktion: Homo Sapiens CCDS)
   [TA][TT][Bias = 1]
   [MS1,MS2,MS3,MS0,rMS,lMS,fMS,GMS,ImmerBesser] [4138, 446816, 56, 2429, 16579, 11907, 9614, 1731, 0]

Better Codes Found on 28.09.2018 12:53:16: (Tabelle 3.11 Reproduktion: Homo Sapiens CCDS)
   [NA][TA][TT][Bias = 1]
   [MS1,MS2,MS3,MS0,rMS,lMS,fMS,GMS,ImmerBesser] [3573, 425684, 56, 2037, 16927, 16039, 11240, 1935, 0]

Better Codes Found on 28.09.2018 12:56:04: (Tabelle 3.11 Reproduktion: Homo Sapiens Chromosom 1)
   [NA][TA][TT][Bias = 1]
   [MS1,MS2,MS3,MS0,rMS,lMS,fMS,GMS,ImmerBesser] [1917, 241211, 65, 55, 36, 34, 30, 3, 0]

Better Codes Found on 28.09.2018 12:57:52: (Tabelle 3.11 Reproduktion: Homo Sapiens Chromosom 1)
   [NA][Bias = 1]
   [MS1,MS2,MS3,MS0,rMS,lMS,fMS,GMS,ImmerBesser] [3084, 286056, 82, 290, 406, 62, 167, 40, 0]

Better Codes Found on 28.09.2018 12:59:41: (Tabelle 3.11 Reproduktion: Homo Sapiens Chromosom 1)
   [TA][Bias = 1]
   [MS1,MS2,MS3,MS0,rMS,lMS,fMS,GMS,ImmerBesser] [1954, 177221, 61, 22, 21, 131, 52, 4, 0]

Better Codes Found on 28.09.2018 13:01:30: (Tabelle 3.11 Reproduktion: Homo Sapiens Chromosom 1)
   [TT][Bias = 1]
   [MS1,MS2,MS3,MS0,rMS,lMS,fMS,GMS,ImmerBesser] [3086, 221300, 74, 125, 30, 30, 30, 5, 0]

Better Codes Found on 28.09.2018 13:03:08: (Tabelle 3.11 Reproduktion: Homo Sapiens Chromosom 1)
   [NA][TA][Bias = 1]
   [MS1,MS2,MS3,MS0,rMS,lMS,fMS,GMS,ImmerBesser] [1917, 241211, 65, 55, 45, 38, 36, 7, 0]

Better Codes Found on 28.09.2018 13:04:49: (Tabelle 3.11 Reproduktion: Homo Sapiens Chromosom 1)
   [NA][TT][Bias = 1]
   [MS1,MS2,MS3,MS0,rMS,lMS,fMS,GMS,ImmerBesser] [3084, 286056, 82, 290, 57, 16, 27, 11, 0]

Better Codes Found on 28.09.2018 13:06:33: (Tabelle 3.11 Reproduktion: Homo Sapiens Chromosom 1)
   [TA][TT][Bias = 1]
   [MS1,MS2,MS3,MS0,rMS,lMS,fMS,GMS,ImmerBesser] [1954, 177221, 61, 22, 18, 46, 30, 2, 0]

Better Codes Found on 28.09.2018 13:08:13: (Tabelle 3.11 Reproduktion: Homo Sapiens Chromosom 1)
   [NA][TA][TT][Bias = 1]
   [MS1,MS2,MS3,MS0,rMS,lMS,fMS,GMS,ImmerBesser] [1917, 241211, 65, 55, 36, 34, 30, 3, 0]

Better Codes Found on 28.09.2018 13:43:02: (Tabelle 3.11 Reproduktion: Ciona intestinalis CCDS)
   [Bias = 1]
   [MS1,MS2,MS3,MS0,rMS,lMS,fMS,GMS,ImmerBesser] [3086, 221300, 74, 125, 267, 267, 267, 37, 0]

Better Codes Found on 28.09.2018 13:44:41: (Tabelle 3.11 Reproduktion: Ciona intestinalis CCDS)
   [NA][Bias = 1]
   [MS1,MS2,MS3,MS0,rMS,lMS,fMS,GMS,ImmerBesser] [2647, 286094, 84, 248, 405, 103, 215, 53, 0]

Better Codes Found on 28.09.2018 13:46:20: (Tabelle 3.11 Reproduktion: Ciona intestinalis CCDS)
   [TA][Bias = 1]
   [MS1,MS2,MS3,MS0,rMS,lMS,fMS,GMS,ImmerBesser] [5712, 456843, 34, 2292, 4335, 1694, 2381, 683, 0]

Better Codes Found on 28.09.2018 13:47:59: (Tabelle 3.11 Reproduktion: Ciona intestinalis CCDS)
   [TT][Bias = 1]
   [MS1,MS2,MS3,MS0,rMS,lMS,fMS,GMS,ImmerBesser] [3086, 221300, 74, 125, 3396, 260, 814, 66, 0]

Better Codes Found on 28.09.2018 13:49:38: (Tabelle 3.11 Reproduktion: Ciona intestinalis CCDS)
   [NA][TA][Bias = 1]
   [MS1,MS2,MS3,MS0,rMS,lMS,fMS,GMS,ImmerBesser] [5161, 556108, 35, 3737, 5946, 895, 2237, 927, 0]

Better Codes Found on 28.09.2018 13:51:16: (Tabelle 3.11 Reproduktion: Ciona intestinalis CCDS)
   [NA][TT][Bias = 1]
   [MS1,MS2,MS3,MS0,rMS,lMS,fMS,GMS,ImmerBesser] [2647, 286094, 84, 248, 4876, 205, 837, 96, 0]

Better Codes Found on 28.09.2018 13:52:55: (Tabelle 3.11 Reproduktion: Ciona intestinalis CCDS)
   [TA][TT][Bias = 1]
   [MS1,MS2,MS3,MS0,rMS,lMS,fMS,GMS,ImmerBesser] [5712, 456843, 34, 2292, 69013, 3178, 14995, 2938, 0]

Better Codes Found on 28.09.2018 13:54:34: (Tabelle 3.11 Reproduktion: Ciona intestinalis CCDS)
   [NA][TA][TT][Bias = 1]
   [MS1,MS2,MS3,MS0,rMS,lMS,fMS,GMS,ImmerBesser] [5161, 556108, 35, 3737, 78532, 2489, 15472, 3939, 0]

Better Codes Found on 28.09.2018 13:58:03: (Tabelle 3.11 Reproduktion: Ciona intestinalis chromosome 1, NC_020166.2)
   [NA][Bias = 1]
   [MS1,MS2,MS3,MS0,rMS,lMS,fMS,GMS,ImmerBesser] [3118, 344269, 85, 552, 547, 19, 121, 49, 0]

Better Codes Found on 28.09.2018 13:59:41: (Tabelle 3.11 Reproduktion: Ciona intestinalis chromosome 1, NC_020166.2)
   [TA][Bias = 1]
   [MS1,MS2,MS3,MS0,rMS,lMS,fMS,GMS,ImmerBesser] [4324, 180082, 33, 73, 16, 797, 135, 19, 0]

Better Codes Found on 28.09.2018 14:01:18: (Tabelle 3.11 Reproduktion: Ciona intestinalis chromosome 1, NC_020166.2)
   [TT][Bias = 1]
   [MS1,MS2,MS3,MS0,rMS,lMS,fMS,GMS,ImmerBesser] [3086, 221300, 74, 125, 38, 38, 38, 7, 0]

Better Codes Found on 28.09.2018 14:02:58: (Tabelle 3.11 Reproduktion: Ciona intestinalis chromosome 1, NC_020166.2)
   [NA][TA][Bias = 1]
   [MS1,MS2,MS3,MS0,rMS,lMS,fMS,GMS,ImmerBesser] [4321, 327326, 33, 583, 68, 133, 87, 58, 0]

Better Codes Found on 28.09.2018 14:04:37: (Tabelle 3.11 Reproduktion: Ciona intestinalis chromosome 1, NC_020166.2)
   [NA][TT][Bias = 1]
   [MS1,MS2,MS3,MS0,rMS,lMS,fMS,GMS,ImmerBesser] [3118, 344269, 85, 552, 139, 32, 62, 21, 0]

Better Codes Found on 28.09.2018 14:06:15: (Tabelle 3.11 Reproduktion: Ciona intestinalis chromosome 1, NC_020166.2)
   [TA][TT][Bias = 1]
   [MS1,MS2,MS3,MS0,rMS,lMS,fMS,GMS,ImmerBesser] [4324, 180082, 33, 73, 182, 645, 291, 33, 0]

Better Codes Found on 28.09.2018 14:07:55: (Tabelle 3.11 Reproduktion: Ciona intestinalis chromosome 1, NC_020166.2)
   [NA][TA][TT][Bias = 1]
   [MS1,MS2,MS3,MS0,rMS,lMS,fMS,GMS,ImmerBesser] [4321, 327326, 33, 583, 354, 428, 378, 145, 0]

Better Codes Found on 28.09.2018 14:32:49: (Tabelle 3.11 Reproduktion: Escherichia_coli.HUSEC2011CHR1.cdna.all.fasta)
   [Bias = 1]
   [MS1,MS2,MS3,MS0,rMS,lMS,fMS,GMS,ImmerBesser] [3086, 221300, 74, 125, 267, 267, 267, 37, 0]

Better Codes Found on 28.09.2018 14:34:27: (Tabelle 3.11 Reproduktion: Escherichia_coli.HUSEC2011CHR1.cdna.all.fasta)
   [NA][Bias = 1]
   [MS1,MS2,MS3,MS0,rMS,lMS,fMS,GMS,ImmerBesser] [3157, 208563, 73, 104, 218, 497, 333, 39, 0]

Better Codes Found on 28.09.2018 14:36:08: (Tabelle 3.11 Reproduktion: Escherichia_coli.HUSEC2011CHR1.cdna.all.fasta)
   [TA][Bias = 1]
   [MS1,MS2,MS3,MS0,rMS,lMS,fMS,GMS,ImmerBesser] [4042, 492644, 20, 3601, 2197, 2813, 1562, 488, 0]

Better Codes Found on 28.09.2018 14:37:45: (Tabelle 3.11 Reproduktion: Escherichia_coli.HUSEC2011CHR1.cdna.all.fasta)
   [TT][Bias = 1]
   [MS1,MS2,MS3,MS0,rMS,lMS,fMS,GMS,ImmerBesser] [3086, 221300, 74, 125, 2035, 3860, 1749, 131, 0]

Better Codes Found on 28.09.2018 14:39:23: (Tabelle 3.11 Reproduktion: Escherichia_coli.HUSEC2011CHR1.cdna.all.fasta)
   [NA][TA][Bias = 1]
   [MS1,MS2,MS3,MS0,rMS,lMS,fMS,GMS,ImmerBesser] [4088, 468981, 20, 3131, 1999, 4762, 1968, 523, 0]

Better Codes Found on 28.09.2018 14:41:00: (Tabelle 3.11 Reproduktion: Escherichia_coli.HUSEC2011CHR1.cdna.all.fasta)
   [NA][TT][Bias = 1]
   [MS1,MS2,MS3,MS0,rMS,lMS,fMS,GMS,ImmerBesser] [3157, 208563, 73, 104, 1974, 6413, 2259, 152, 0]

Better Codes Found on 28.09.2018 14:42:38: (Tabelle 3.11 Reproduktion: Escherichia_coli.HUSEC2011CHR1.cdna.all.fasta)
   [TA][TT][Bias = 1]
   [MS1,MS2,MS3,MS0,rMS,lMS,fMS,GMS,ImmerBesser] [4042, 492644, 20, 3601, 12479, 26588, 8278, 1665, 0]

Better Codes Found on 28.09.2018 14:44:17: (Tabelle 3.11 Reproduktion: Escherichia_coli.HUSEC2011CHR1.cdna.all.fasta)
   [NA][TA][TT][Bias = 1]
   [MS1,MS2,MS3,MS0,rMS,lMS,fMS,GMS,ImmerBesser] [4088, 468981, 20, 3131, 12193, 38669, 10417, 1921, 0]

Better Codes Found on 28.09.2018 14:45:53: (Tabelle 3.11 Reproduktion: Escherichia_coli.HUSEC2011CHR1.dna.chromosome.Chromosome)
   [Bias = 1]
   [MS1,MS2,MS3,MS0,rMS,lMS,fMS,GMS,ImmerBesser] [3086, 221300, 74, 125, 267, 267, 267, 37, 0]

Better Codes Found on 28.09.2018 14:47:31: (Tabelle 3.11 Reproduktion: Escherichia_coli.HUSEC2011CHR1.dna.chromosome.Chromosome)
   [NA][Bias = 1]
   [MS1,MS2,MS3,MS0,rMS,lMS,fMS,GMS,ImmerBesser] [3087, 216379, 74, 120, 260, 293, 275, 36, 0]

Better Codes Found on 28.09.2018 14:49:10: (Tabelle 3.11 Reproduktion: Escherichia_coli.HUSEC2011CHR1.dna.chromosome.Chromosome)
   [TA][Bias = 1]
   [MS1,MS2,MS3,MS0,rMS,lMS,fMS,GMS,ImmerBesser] [2558, 204344, 47, 64, 137, 137, 127, 16, 0]

Better Codes Found on 28.09.2018 14:50:49: (Tabelle 3.11 Reproduktion: Escherichia_coli.HUSEC2011CHR1.dna.chromosome.Chromosome)
   [TT][Bias = 1]
   [MS1,MS2,MS3,MS0,rMS,lMS,fMS,GMS,ImmerBesser] [3086, 221300, 74, 125, 140, 140, 140, 22, 0]

Better Codes Found on 28.09.2018 14:52:26: (Tabelle 3.11 Reproduktion: Escherichia_coli.HUSEC2011CHR1.dna.chromosome.Chromosome)
   [NA][TA][Bias = 1]
   [MS1,MS2,MS3,MS0,rMS,lMS,fMS,GMS,ImmerBesser] [2547, 199135, 47, 57, 128, 158, 137, 16, 0]

Better Codes Found on 28.09.2018 14:54:05: (Tabelle 3.11 Reproduktion: Escherichia_coli.HUSEC2011CHR1.dna.chromosome.Chromosome)
   [NA][TT][Bias = 1]
   [MS1,MS2,MS3,MS0,rMS,lMS,fMS,GMS,ImmerBesser] [3087, 216379, 74, 120, 134, 169, 152, 22, 0]

Better Codes Found on 28.09.2018 14:55:43: (Tabelle 3.11 Reproduktion: Escherichia_coli.HUSEC2011CHR1.dna.chromosome.Chromosome)
   [TA][TT][Bias = 1]
   [MS1,MS2,MS3,MS0,rMS,lMS,fMS,GMS,ImmerBesser] [2558, 204344, 47, 64, 166, 96, 119, 12, 0]

Better Codes Found on 28.09.2018 14:57:24: (Tabelle 3.11 Reproduktion: Escherichia_coli.HUSEC2011CHR1.dna.chromosome.Chromosome)
   [NA][TA][TT][Bias = 1]
   [MS1,MS2,MS3,MS0,rMS,lMS,fMS,GMS,ImmerBesser] [2547, 199135, 47, 57, 161, 115, 121, 13, 0]

Better Codes Found on 22.02.2019 16:03:35: (CCDS hydropathy)
   None
   [MS1,MS2,MS3,MS0,rMS,lMS,fMS,GMS,ImmerBesser] [381, 904734, 13929, 7878, 158724, 158728, 158726, 33357, 16]

Better Codes Found on 22.02.2019 16:05:24: (CCDS hydropathy)
   [TT]
   [MS1,MS2,MS3,MS0,rMS,lMS,fMS,GMS,ImmerBesser] [381, 904734, 13929, 7878, 16375, 37402, 22067, 5791, 4]

Better Codes Found on 22.02.2019 16:07:13: (CCDS hydropathy)
   [NT]
   [MS1,MS2,MS3,MS0,rMS,lMS,fMS,GMS,ImmerBesser] [381, 904734, 13929, 7878, 97313, 92725, 93457, 20188, 14]

Better Codes Found on 22.02.2019 16:09:00: (CCDS hydropathy)
   [NT][TT]
   [MS1,MS2,MS3,MS0,rMS,lMS,fMS,GMS,ImmerBesser] [381, 904734, 13929, 7878, 10887, 25297, 13710, 3957, 3]

Better Codes Found on 22.02.2019 16:10:52: (CCDS hydropathy)
   [TA]
   [MS1,MS2,MS3,MS0,rMS,lMS,fMS,GMS,ImmerBesser] [102, 955114, 7123, 4565, 22100, 81199, 40728, 6819, 2]

Better Codes Found on 22.02.2019 16:12:38: (CCDS hydropathy)
   [TA][TT]
   [MS1,MS2,MS3,MS0,rMS,lMS,fMS,GMS,ImmerBesser] [102, 955114, 7123, 4565, 5744, 33232, 9024, 2093, 1]

Better Codes Found on 22.02.2019 16:14:24: (CCDS hydropathy)
   [TA][NT]
   [MS1,MS2,MS3,MS0,rMS,lMS,fMS,GMS,ImmerBesser] [102, 955114, 7123, 4565, 11109, 42079, 20508, 3873, 2]

Better Codes Found on 22.02.2019 16:16:09: (CCDS hydropathy)
   [TA][NT][TT]
   [MS1,MS2,MS3,MS0,rMS,lMS,fMS,GMS,ImmerBesser] [102, 955114, 7123, 4565, 4335, 22902, 6222, 1547, 1]

Better Codes Found on 22.02.2019 16:17:55: (CCDS hydropathy)
   [NA]
   [MS1,MS2,MS3,MS0,rMS,lMS,fMS,GMS,ImmerBesser] [373, 869268, 13967, 5160, 156613, 179578, 167645, 30322, 16]

Better Codes Found on 22.02.2019 16:19:50: (CCDS hydropathy)
   [NA][TT]
   [MS1,MS2,MS3,MS0,rMS,lMS,fMS,GMS,ImmerBesser] [373, 869268, 13967, 5160, 16361, 43589, 23928, 5132, 4]

Better Codes Found on 22.02.2019 16:21:39: (CCDS hydropathy)
   [NA][NT]
   [MS1,MS2,MS3,MS0,rMS,lMS,fMS,GMS,ImmerBesser] [373, 869268, 13967, 5160, 94674, 107934, 99494, 18312, 14]

Better Codes Found on 22.02.2019 16:23:26: (CCDS hydropathy)
   [NA][NT][TT]
   [MS1,MS2,MS3,MS0,rMS,lMS,fMS,GMS,ImmerBesser] [373, 869268, 13967, 5160, 10909, 29924, 15019, 3558, 2]

Better Codes Found on 22.02.2019 16:25:15: (CCDS hydropathy)
   [NA][TA]
   [MS1,MS2,MS3,MS0,rMS,lMS,fMS,GMS,ImmerBesser] [99, 927795, 7293, 2808, 22064, 92435, 44163, 6099, 2]

Better Codes Found on 22.02.2019 16:27:03: (CCDS hydropathy)
   [NA][TA][TT]
   [MS1,MS2,MS3,MS0,rMS,lMS,fMS,GMS,ImmerBesser] [99, 927795, 7293, 2808, 5912, 38158, 10009, 1949, 2]

Better Codes Found on 22.02.2019 16:28:49: (CCDS hydropathy)
   [NA][TA][NT]
   [MS1,MS2,MS3,MS0,rMS,lMS,fMS,GMS,ImmerBesser] [99, 927795, 7293, 2808, 10989, 49330, 22293, 3405, 2]

Better Codes Found on 22.02.2019 16:30:37: (CCDS hydropathy)
   [NA][TA][NT][TT]
   [MS1,MS2,MS3,MS0,rMS,lMS,fMS,GMS,ImmerBesser] [99, 927795, 7293, 2808, 4456, 26666, 6893, 1474, 1]

Better Codes Found on 22.02.2019 16:32:34: (CCDS hydropathy + polar)
   None
   [MS1,MS2,MS3,MS0,rMS,lMS,fMS,GMS,ImmerBesser] [169, 641408, 770, 281, 10564, 10566, 10566, 823, 0]

Better Codes Found on 22.02.2019 16:34:33: (CCDS hydropathy + polar
   [TT]
   [MS1,MS2,MS3,MS0,rMS,lMS,fMS,GMS,ImmerBesser] [169, 641408, 770, 281, 1883, 3340, 1924, 168, 0]

Better Codes Found on 22.02.2019 16:36:30: (CCDS hydropathy + polar)
   [NT]
   [MS1,MS2,MS3,MS0,rMS,lMS,fMS,GMS,ImmerBesser] [169, 641408, 770, 281, 5042, 8774, 6468, 553, 0]

Better Codes Found on 22.02.2019 16:38:29: (CCDS hydropathy + polar)
   [NT][TT]
   [MS1,MS2,MS3,MS0,rMS,lMS,fMS,GMS,ImmerBesser] [169, 641408, 770, 281, 1395, 3803, 1619, 134, 0]

Better Codes Found on 22.02.2019 16:40:28: (CCDS hydropathy + polar)
   [TA]
   [MS1,MS2,MS3,MS0,rMS,lMS,fMS,GMS,ImmerBesser] [95, 826592, 316, 484, 2641, 7264, 3612, 366, 0]

Better Codes Found on 22.02.2019 16:42:26: (CCDS hydropathy + polar)
   [TA][TT]
   [MS1,MS2,MS3,MS0,rMS,lMS,fMS,GMS,ImmerBesser] [95, 826592, 316, 484, 2535, 7241, 2192, 242, 0]

Better Codes Found on 22.02.2019 16:44:25: (CCDS hydropathy + polar)
   [TA][NT]
   [MS1,MS2,MS3,MS0,rMS,lMS,fMS,GMS,ImmerBesser] [95, 826592, 316, 484, 1252, 6037, 2328, 257, 0]

Better Codes Found on 22.02.2019 16:46:29: (CCDS hydropathy + polar)
   [TA][NT][TT]
   [MS1,MS2,MS3,MS0,rMS,lMS,fMS,GMS,ImmerBesser] [95, 826592, 316, 484, 1971, 7460, 1969, 217, 0]

Better Codes Found on 22.02.2019 16:48:31: (CCDS hydropathy + polar)
   [NA]
   [MS1,MS2,MS3,MS0,rMS,lMS,fMS,GMS,ImmerBesser] [153, 593440, 769, 178, 10447, 13857, 11987, 737, 0]

Better Codes Found on 22.02.2019 16:50:31: (CCDS hydropathy + polar)
   [NA][TT]
   [MS1,MS2,MS3,MS0,rMS,lMS,fMS,GMS,ImmerBesser] [153, 593440, 769, 178, 1949, 4315, 2230, 152, 0]

Better Codes Found on 22.02.2019 16:52:34: (CCDS hydropathy + polar)
   [NA][NT]
   [MS1,MS2,MS3,MS0,rMS,lMS,fMS,GMS,ImmerBesser] [153, 593440, 769, 178, 4922, 11707, 7372, 507, 0]

Better Codes Found on 22.02.2019 16:54:33: (CCDS hydropathy + polar)
   [NA][NT][TT]
   [MS1,MS2,MS3,MS0,rMS,lMS,fMS,GMS,ImmerBesser] [153, 593440, 769, 178, 1418, 4942, 1874, 134, 0]

Better Codes Found on 22.02.2019 16:56:30: (CCDS hydropathy + polar)
   [NA][TA]
   [MS1,MS2,MS3,MS0,rMS,lMS,fMS,GMS,ImmerBesser] [85, 779861, 325, 286, 2649, 9594, 4261, 338, 0]

Better Codes Found on 22.02.2019 16:58:28: (CCDS hydropathy + polar)
   [NA][TA][TT]
   [MS1,MS2,MS3,MS0,rMS,lMS,fMS,GMS,ImmerBesser] [85, 779861, 325, 286, 2616, 9116, 2574, 236, 0]

Better Codes Found on 22.02.2019 17:00:27: (CCDS hydropathy + polar)
   [NA][TA][NT]
   [MS1,MS2,MS3,MS0,rMS,lMS,fMS,GMS,ImmerBesser] [85, 779861, 325, 286, 1236, 7933, 2714, 229, 0]

Better Codes Found on 22.02.2019 17:02:25: (CCDS hydropathy + polar)
   [NA][TA][NT][TT]
   [MS1,MS2,MS3,MS0,rMS,lMS,fMS,GMS,ImmerBesser] [85, 779861, 325, 286, 2034, 9276, 2292, 220, 0]

Better Codes Found on 22.02.2019 17:11:24: (Chromosome 1 hydropathy + polar)
   None
   [MS1,MS2,MS3,MS0,rMS,lMS,fMS,GMS,ImmerBesser] [169, 641408, 770, 281, 10564, 10566, 10566, 823, 0]

Better Codes Found on 22.02.2019 17:13:29: (Chromosome 1 hydropathy + polar)
   [TT]
   [MS1,MS2,MS3,MS0,rMS,lMS,fMS,GMS,ImmerBesser] [169, 641408, 770, 281, 1124, 1124, 1124, 98, 0]

Better Codes Found on 22.02.2019 17:15:29: (Chromosome 1 hydropathy + polar)
   [NT]
   [MS1,MS2,MS3,MS0,rMS,lMS,fMS,GMS,ImmerBesser] [169, 641408, 770, 281, 18702, 2442, 6638, 557, 0]

Better Codes Found on 22.02.2019 17:17:28: (Chromosome 1 hydropathy + polar)
   [NT][TT]
   [MS1,MS2,MS3,MS0,rMS,lMS,fMS,GMS,ImmerBesser] [169, 641408, 770, 281, 2790, 1481, 1884, 136, 0]

Better Codes Found on 22.02.2019 17:19:26: (Chromosome 1 hydropathy + polar)
   [TA]
   [MS1,MS2,MS3,MS0,rMS,lMS,fMS,GMS,ImmerBesser] [59, 667038, 617, 55, 885, 4518, 1939, 86, 0]

Better Codes Found on 22.02.2019 17:21:28: (Chromosome 1 hydropathy + polar)
   [TA][TT]
   [MS1,MS2,MS3,MS0,rMS,lMS,fMS,GMS,ImmerBesser] [59, 667038, 617, 55, 760, 1179, 885, 52, 0]

Better Codes Found on 22.02.2019 17:23:26: (Chromosome 1 hydropathy + polar)
   [TA][NT]
   [MS1,MS2,MS3,MS0,rMS,lMS,fMS,GMS,ImmerBesser] [59, 667038, 617, 55, 2463, 2313, 2216, 96, 0]

Better Codes Found on 22.02.2019 17:25:29: (Chromosome 1 hydropathy + polar)
   [TA][NT][TT]
   [MS1,MS2,MS3,MS0,rMS,lMS,fMS,GMS,ImmerBesser] [59, 667038, 617, 55, 1889, 1855, 1751, 110, 0]

Better Codes Found on 22.02.2019 17:27:28: (Chromosome 1 hydropathy + polar)
   [NA]
   [MS1,MS2,MS3,MS0,rMS,lMS,fMS,GMS,ImmerBesser] [148, 777093, 749, 731, 12261, 5175, 7932, 983, 0]

Better Codes Found on 22.02.2019 17:29:35: (Chromosome 1 hydropathy + polar)
   [NA][TT]
   [MS1,MS2,MS3,MS0,rMS,lMS,fMS,GMS,ImmerBesser] [148, 777093, 749, 731, 1378, 871, 1054, 164, 0]

Better Codes Found on 22.02.2019 17:31:37: (Chromosome 1 hydropathy + polar)
   [NA][NT]
   [MS1,MS2,MS3,MS0,rMS,lMS,fMS,GMS,ImmerBesser] [148, 777093, 749, 731, 20919, 1649, 5701, 742, 0]

Better Codes Found on 22.02.2019 17:33:40: (Chromosome 1 hydropathy + polar)
   [NA][NT][TT]
   [MS1,MS2,MS3,MS0,rMS,lMS,fMS,GMS,ImmerBesser] [148, 777093, 749, 731, 3306, 1393, 1943, 239, 0]

Better Codes Found on 22.02.2019 17:35:46: (Chromosome 1 hydropathy + polar)
   [NA][TA]
   [MS1,MS2,MS3,MS0,rMS,lMS,fMS,GMS,ImmerBesser] [52, 808624, 601, 177, 1169, 2566, 1603, 134, 0]

Better Codes Found on 22.02.2019 17:37:49: (Chromosome 1 hydropathy + polar)
   [NA][TA][TT]
   [MS1,MS2,MS3,MS0,rMS,lMS,fMS,GMS,ImmerBesser] [52, 808624, 601, 177, 958, 1019, 943, 98, 0]

Better Codes Found on 22.02.2019 17:39:53: (Chromosome 1 hydropathy + polar)
   [NA][TA][NT]
   [MS1,MS2,MS3,MS0,rMS,lMS,fMS,GMS,ImmerBesser] [52, 808624, 601, 177, 3042, 1718, 2119, 167, 0]

Better Codes Found on 22.02.2019 17:41:58: (Chromosome 1 hydropathy + polar)
   [NA][TA][NT][TT]
   [MS1,MS2,MS3,MS0,rMS,lMS,fMS,GMS,ImmerBesser] [52, 808624, 601, 177, 2353, 1823, 1926, 195, 0]

Better Codes Found on 24.02.2019 10:41:06: (No Weightings, Default settings)
   None
   [MS1,MS2,MS3,MS0,rMS,lMS,fMS,GMS,ImmerBesser] [3086, 221300, 74, 125, 267, 267, 267, 37, 0]

Better Codes Found on 24.02.2019 10:44:48: (Chromosome 1 hydropathy + polar (normalized by Sigma))
   None
   [MS1,MS2,MS3,MS0,rMS,lMS,fMS,GMS,ImmerBesser] [199, 561381, 446, 186, 5543, 5543, 5543, 405, 0]

Better Codes Found on 24.02.2019 10:46:46: (Chromosome 1 hydropathy + polar (normalized by Sigma))
   [TT]
   [MS1,MS2,MS3,MS0,rMS,lMS,fMS,GMS,ImmerBesser] [199, 561381, 446, 186, 541, 541, 541, 38, 0]

Better Codes Found on 24.02.2019 10:48:49: (Chromosome 1 hydropathy + polar (normalized by Sigma))
   [NT]
   [MS1,MS2,MS3,MS0,rMS,lMS,fMS,GMS,ImmerBesser] [199, 561381, 446, 186, 10219, 1224, 3389, 273, 0]

Better Codes Found on 24.02.2019 10:50:49: (Chromosome 1 hydropathy + polar (normalized by Sigma))
   [NT][TT]
   [MS1,MS2,MS3,MS0,rMS,lMS,fMS,GMS,ImmerBesser] [199, 561381, 446, 186, 1478, 715, 960, 67, 0]

Better Codes Found on 24.02.2019 10:52:50: (Chromosome 1 hydropathy + polar (normalized by Sigma))
   [TA]
   [MS1,MS2,MS3,MS0,rMS,lMS,fMS,GMS,ImmerBesser] [69, 572129, 374, 34, 428, 2312, 937, 38, 0]

Better Codes Found on 24.02.2019 10:54:49: (Chromosome 1 hydropathy + polar (normalized by Sigma))
   [TA][TT]
   [MS1,MS2,MS3,MS0,rMS,lMS,fMS,GMS,ImmerBesser] [69, 572129, 374, 34, 350, 613, 428, 21, 0]

Better Codes Found on 24.02.2019 10:56:50: (Chromosome 1 hydropathy + polar (normalized by Sigma))
   [TA][NT]
   [MS1,MS2,MS3,MS0,rMS,lMS,fMS,GMS,ImmerBesser] [69, 572129, 374, 34, 1273, 1195, 1151, 46, 0]

Better Codes Found on 24.02.2019 10:58:50: (Chromosome 1 hydropathy + polar (normalized by Sigma))
   [TA][NT][TT]
   [MS1,MS2,MS3,MS0,rMS,lMS,fMS,GMS,ImmerBesser] [69, 572129, 374, 34, 981, 1002, 905, 42, 0]

Better Codes Found on 24.02.2019 11:00:53: (Chromosome 1 hydropathy + polar (normalized by Sigma))
   [NA]
   [MS1,MS2,MS3,MS0,rMS,lMS,fMS,GMS,ImmerBesser] [183, 698248, 428, 474, 6564, 2418, 4007, 472, 0]

Better Codes Found on 24.02.2019 11:03:01: (Chromosome 1 hydropathy + polar (normalized by Sigma))
   [NA][TT]
   [MS1,MS2,MS3,MS0,rMS,lMS,fMS,GMS,ImmerBesser] [183, 698248, 428, 474, 675, 401, 516, 70, 0]

Better Codes Found on 24.02.2019 11:05:03: (Chromosome 1 hydropathy + polar (normalized by Sigma))
   [NA][NT]
   [MS1,MS2,MS3,MS0,rMS,lMS,fMS,GMS,ImmerBesser] [183, 698248, 428, 474, 11744, 735, 2799, 370, 0]

Better Codes Found on 24.02.2019 11:07:08: (Chromosome 1 hydropathy + polar (normalized by Sigma))
   [NA][NT][TT]
   [MS1,MS2,MS3,MS0,rMS,lMS,fMS,GMS,ImmerBesser] [183, 698248, 428, 474, 1845, 652, 982, 110, 0]

Better Codes Found on 24.02.2019 11:09:27: (Chromosome 1 hydropathy + polar (normalized by Sigma))
   [NA][TA]
   [MS1,MS2,MS3,MS0,rMS,lMS,fMS,GMS,ImmerBesser] [66, 720503, 368, 89, 567, 1138, 765, 54, 0]

Better Codes Found on 24.02.2019 11:11:30: (Chromosome 1 hydropathy + polar (normalized by Sigma))
   [NA][TA][TT]
   [MS1,MS2,MS3,MS0,rMS,lMS,fMS,GMS,ImmerBesser] [66, 720503, 368, 89, 462, 501, 446, 37, 0]

Better Codes Found on 24.02.2019 11:13:34: (Chromosome 1 hydropathy + polar (normalized by Sigma))
   [NA][TA][NT]
   [MS1,MS2,MS3,MS0,rMS,lMS,fMS,GMS,ImmerBesser] [66, 720503, 368, 89, 1602, 823, 1057, 80, 0]

Better Codes Found on 24.02.2019 11:18:57: (CCDS hydropathy + polar (normalized by Sigma))
   None
   [MS1,MS2,MS3,MS0,rMS,lMS,fMS,GMS,ImmerBesser] [199, 561381, 446, 186, 5543, 5543, 5543, 405, 0]

Better Codes Found on 24.02.2019 11:20:53: (CCDS hydropathy + polar (normalized by Sigma))
   [TT]
   [MS1,MS2,MS3,MS0,rMS,lMS,fMS,GMS,ImmerBesser] [199, 561381, 446, 186, 1437, 2236, 1331, 95, 0]

Better Codes Found on 24.02.2019 11:22:47: (CCDS hydropathy + polar (normalized by Sigma))
   [NT]
   [MS1,MS2,MS3,MS0,rMS,lMS,fMS,GMS,ImmerBesser] [199, 561381, 446, 186, 2590, 5636, 3675, 280, 0]

Better Codes Found on 24.02.2019 11:24:41: (CCDS hydropathy + polar (normalized by Sigma))
   [NT][TT]
   [MS1,MS2,MS3,MS0,rMS,lMS,fMS,GMS,ImmerBesser] [199, 561381, 446, 186, 1135, 3032, 1259, 93, 0]

Better Codes Found on 24.02.2019 11:26:36: (CCDS hydropathy + polar (normalized by Sigma))
   [TA]
   [MS1,MS2,MS3,MS0,rMS,lMS,fMS,GMS,ImmerBesser] [137, 772727, 196, 456, 1986, 4545, 2437, 273, 0]

Better Codes Found on 24.02.2019 11:28:33: (CCDS hydropathy + polar (normalized by Sigma))
   [TA][TT]
   [MS1,MS2,MS3,MS0,rMS,lMS,fMS,GMS,ImmerBesser] [137, 772727, 196, 456, 2767, 6362, 2151, 246, 0]

Better Codes Found on 24.02.2019 11:30:29: (CCDS hydropathy + polar (normalized by Sigma))
   [TA][NT]
   [MS1,MS2,MS3,MS0,rMS,lMS,fMS,GMS,ImmerBesser] [137, 772727, 196, 456, 979, 4597, 1764, 200, 0]

Better Codes Found on 24.02.2019 11:32:23: (CCDS hydropathy + polar (normalized by Sigma))
   [TA][NT][TT]
   [MS1,MS2,MS3,MS0,rMS,lMS,fMS,GMS,ImmerBesser] [137, 772727, 196, 456, 2208, 7377, 2096, 240, 0]

Better Codes Found on 24.02.2019 11:34:21: (CCDS hydropathy + polar (normalized by Sigma))
   [NA]
   [MS1,MS2,MS3,MS0,rMS,lMS,fMS,GMS,ImmerBesser] [176, 518217, 448, 109, 5480, 7476, 6373, 371, 0]

Better Codes Found on 24.02.2019 11:36:22: (CCDS hydropathy + polar (normalized by Sigma))
   [NA][TT]
   [MS1,MS2,MS3,MS0,rMS,lMS,fMS,GMS,ImmerBesser] [176, 518217, 448, 109, 1488, 3006, 1576, 85, 0]

Better Codes Found on 24.02.2019 11:38:23: (CCDS hydropathy + polar (normalized by Sigma))
   [NA][NT]
   [MS1,MS2,MS3,MS0,rMS,lMS,fMS,GMS,ImmerBesser] [176, 518217, 448, 109, 2557, 7606, 4280, 262, 0]

Better Codes Found on 24.02.2019 11:40:26: (CCDS hydropathy + polar (normalized by Sigma))
   [NA][NT][TT]
   [MS1,MS2,MS3,MS0,rMS,lMS,fMS,GMS,ImmerBesser] [176, 518217, 448, 109, 1174, 4024, 1484, 87, 0]

Better Codes Found on 24.02.2019 11:42:24: (CCDS hydropathy + polar (normalized by Sigma))
   [NA][TA]
   [MS1,MS2,MS3,MS0,rMS,lMS,fMS,GMS,ImmerBesser] [124, 725580, 200, 280, 2002, 6176, 2911, 250, 0]

Better Codes Found on 24.02.2019 11:44:26: (CCDS hydropathy + polar (normalized by Sigma))
   [NA][TA][TT]
   [MS1,MS2,MS3,MS0,rMS,lMS,fMS,GMS,ImmerBesser] [124, 725580, 200, 280, 2850, 8161, 2537, 246, 0]
   Better Codes Found on 24.02.2019 12:11:16: (Chromosome 1 polar)
   None
   [MS1,MS2,MS3,MS0,rMS,lMS,fMS,GMS,ImmerBesser] [381, 904734, 13929, 7878, 158724, 158728, 158726, 33357, 16]

Better Codes Found on 24.02.2019 12:13:02: (Chromosome 1 polar)
   [TT]
   [MS1,MS2,MS3,MS0,rMS,lMS,fMS,GMS,ImmerBesser] [381, 904734, 13929, 7878, 34222, 34222, 34222, 7637, 7]

Better Codes Found on 24.02.2019 12:14:51: (Chromosome 1 polar)
   [NA]
   [MS1,MS2,MS3,MS0,rMS,lMS,fMS,GMS,ImmerBesser] [331, 964964, 13505, 14667, 168853, 114800, 139698, 37333, 12]

Better Codes Found on 24.02.2019 12:16:41: (Chromosome 1 polar)
   [NA][TT]
   [MS1,MS2,MS3,MS0,rMS,lMS,fMS,GMS,ImmerBesser] [331, 964964, 13505, 14667, 37435, 31696, 34299, 10618, 6]

Better Codes Found on 24.02.2019 12:18:29: (Chromosome 1 polar)
   [TA]
   [MS1,MS2,MS3,MS0,rMS,lMS,fMS,GMS,ImmerBesser] [87, 942647, 12104, 3056, 30338, 89399, 51881, 7598, 2]

Better Codes Found on 24.02.2019 12:20:17: (Chromosome 1 polar)
   [TA][TT]
   [MS1,MS2,MS3,MS0,rMS,lMS,fMS,GMS,ImmerBesser] [87, 942647, 12104, 3056, 24025, 30207, 26171, 5103, 1]

Better Codes Found on 24.02.2019 12:22:03: (Chromosome 1 polar)
   [NA][TA]
   [MS1,MS2,MS3,MS0,rMS,lMS,fMS,GMS,ImmerBesser] [65, 984243, 11734, 6760, 34785, 69932, 48585, 10307, 1]

Better Codes Found on 24.02.2019 12:23:53: (Chromosome 1 polar)
   [NA][TA][TT]
   [MS1,MS2,MS3,MS0,rMS,lMS,fMS,GMS,ImmerBesser] [65, 984243, 11734, 6760, 27274, 30648, 28305, 7856, 0]

Better Codes Found on 24.02.2019 12:25:55: (CCDS polar)
   None
   [MS1,MS2,MS3,MS0,rMS,lMS,fMS,GMS,ImmerBesser] [381, 904734, 13929, 7878, 158724, 158728, 158726, 33357, 16]

Better Codes Found on 24.02.2019 12:27:49: (CCDS polar)
   [TT]
   [MS1,MS2,MS3,MS0,rMS,lMS,fMS,GMS,ImmerBesser] [381, 904734, 13929, 7878, 16375, 37402, 22067, 5791, 4]

Better Codes Found on 24.02.2019 12:29:38: (CCDS polar)
   [NA]
   [MS1,MS2,MS3,MS0,rMS,lMS,fMS,GMS,ImmerBesser] [373, 869268, 13967, 5160, 156613, 179578, 167645, 30322, 16]

Better Codes Found on 24.02.2019 12:31:28: (CCDS polar)
   [NA][TT]
   [MS1,MS2,MS3,MS0,rMS,lMS,fMS,GMS,ImmerBesser] [373, 869268, 13967, 5160, 16361, 43589, 23928, 5132, 4]

Better Codes Found on 24.02.2019 12:33:21: (CCDS polar)
   [TA]
   [MS1,MS2,MS3,MS0,rMS,lMS,fMS,GMS,ImmerBesser] [102, 955114, 7123, 4565, 22100, 81199, 40728, 6819, 2]

Better Codes Found on 24.02.2019 12:35:21: (CCDS polar)
   [TA][TT]
   [MS1,MS2,MS3,MS0,rMS,lMS,fMS,GMS,ImmerBesser] [102, 955114, 7123, 4565, 5744, 33232, 9024, 2093, 1]

Better Codes Found on 24.02.2019 12:37:20: (CCDS polar)
   [NA][TA]
   [MS1,MS2,MS3,MS0,rMS,lMS,fMS,GMS,ImmerBesser] [99, 927795, 7293, 2808, 22064, 92435, 44163, 6099, 2]

Better Codes Found on 24.02.2019 12:39:09: (CCDS polar)
   [NA][TA][TT]
   [MS1,MS2,MS3,MS0,rMS,lMS,fMS,GMS,ImmerBesser] [99, 927795, 7293, 2808, 5912, 38158, 10009, 1949, 2]

Better Codes Found on 24.02.2019 13:04:47: (CCDS polar, cutOff: 66)
   None
   [MS1,MS2,MS3,MS0,rMS,lMS,fMS,GMS,ImmerBesser] [3413, 259925, 90, 263, 495, 495, 495, 73, 0]

Better Codes Found on 24.02.2019 13:06:42: (CCDS polar, cutOff: 66)
   [TT]
   [MS1,MS2,MS3,MS0,rMS,lMS,fMS,GMS,ImmerBesser] [3413, 259925, 90, 263, 2420, 1884, 1634, 124, 0]

Better Codes Found on 24.02.2019 13:08:26: (CCDS polar, cutOff: 66)
   [NA]
   [MS1,MS2,MS3,MS0,rMS,lMS,fMS,GMS,ImmerBesser] [2949, 250593, 89, 207, 487, 781, 607, 78, 0]

Better Codes Found on 24.02.2019 13:10:09: (CCDS polar, cutOff: 66)
   [NA][TT]
   [MS1,MS2,MS3,MS0,rMS,lMS,fMS,GMS,ImmerBesser] [2949, 250593, 89, 207, 2567, 2710, 2002, 137, 0]

Better Codes Found on 24.02.2019 13:11:52: (CCDS polar, cutOff: 66)
   [TA]
   [MS1,MS2,MS3,MS0,rMS,lMS,fMS,GMS,ImmerBesser] [4574, 504314, 67, 3590, 3403, 1968, 2205, 705, 0]

Better Codes Found on 24.02.2019 13:13:35: (CCDS polar, cutOff: 66)
   [TA][TT]
   [MS1,MS2,MS3,MS0,rMS,lMS,fMS,GMS,ImmerBesser] [4574, 504314, 67, 3590, 22175, 15914, 13214, 2646, 0]

Better Codes Found on 24.02.2019 13:15:18: (CCDS polar, cutOff: 66)
   [NA][TA]
   [MS1,MS2,MS3,MS0,rMS,lMS,fMS,GMS,ImmerBesser] [3922, 482051, 67, 2949, 3391, 3145, 2745, 769, 0]

Better Codes Found on 24.02.2019 13:17:01: (CCDS polar, cutOff: 66)
   [NA][TA][TT]
   [MS1,MS2,MS3,MS0,rMS,lMS,fMS,GMS,ImmerBesser] [3922, 482051, 67, 2949, 22555, 20937, 15304, 2915, 0]

Better Codes Found on 17.03.2019 14:21:16: (Chromosome 1 molWeight)
   None
   [MS1,MS2,MS3,MS0,rMS,lMS,fMS,GMS,ImmerBesser] [268833, 200663, 401349, 155353, 774067, 774067, 774067, 531045, 23910]

Better Codes Found on 17.03.2019 14:23:06: (Chromosome 1 molWeight)
   [TT]
   [MS1,MS2,MS3,MS0,rMS,lMS,fMS,GMS,ImmerBesser] [268833, 200663, 401349, 155353, 455837, 455837, 455837, 279927, 21079]

Better Codes Found on 17.03.2019 14:24:58: (Chromosome 1 molWeight)
   [NA]
   [MS1,MS2,MS3,MS0,rMS,lMS,fMS,GMS,ImmerBesser] [221783, 157003, 390050, 109301, 766712, 775448, 771506, 503707, 14933]

Better Codes Found on 17.03.2019 14:26:49: (Chromosome 1 molWeight)
   [NA][TT]
   [MS1,MS2,MS3,MS0,rMS,lMS,fMS,GMS,ImmerBesser] [221783, 157003, 390050, 109301, 419430, 520075, 471059, 261926, 13215]

Better Codes Found on 17.03.2019 14:28:35: (Chromosome 1 molWeight)
   [TA]
   [MS1,MS2,MS3,MS0,rMS,lMS,fMS,GMS,ImmerBesser] [100820, 138376, 377927, 52939, 443269, 505279, 473147, 206677, 4891]

Better Codes Found on 17.03.2019 14:30:23: (Chromosome 1 molWeight)
   [TA][TT]
   [MS1,MS2,MS3,MS0,rMS,lMS,fMS,GMS,ImmerBesser] [100820, 138376, 377927, 52939, 366793, 242267, 301486, 141918, 4290]

Better Codes Found on 17.03.2019 14:32:08: (Chromosome 1 molWeight)
   [NA][TA]
   [MS1,MS2,MS3,MS0,rMS,lMS,fMS,GMS,ImmerBesser] [83651, 111129, 368500, 37600, 429718, 530710, 480410, 193083, 3118]

Better Codes Found on 17.03.2019 14:33:56: (Chromosome 1 molWeight)
   [NA][TA][TT]
   [MS1,MS2,MS3,MS0,rMS,lMS,fMS,GMS,ImmerBesser] [83651, 111129, 368500, 37600, 338062, 304215, 319845, 140172, 2881]

Better Codes Found on 17.03.2019 14:35:50: (CCDS molWeight)
   None
   [MS1,MS2,MS3,MS0,rMS,lMS,fMS,GMS,ImmerBesser] [268833, 200663, 401349, 155353, 774067, 774067, 774067, 531045, 23910]

Better Codes Found on 17.03.2019 14:37:39: (CCDS molWeight)
   [TT]
   [MS1,MS2,MS3,MS0,rMS,lMS,fMS,GMS,ImmerBesser] [268833, 200663, 401349, 155353, 406334, 692123, 554330, 357305, 20341]

Better Codes Found on 17.03.2019 14:39:24: (CCDS molWeight)
   [NA]
   [MS1,MS2,MS3,MS0,rMS,lMS,fMS,GMS,ImmerBesser] [275483, 217678, 399980, 167067, 774678, 746259, 760784, 525732, 26207]

Better Codes Found on 17.03.2019 14:41:17: (CCDS molWeight)
   [NA][TT]
   [MS1,MS2,MS3,MS0,rMS,lMS,fMS,GMS,ImmerBesser] [275483, 217678, 399980, 167067, 414533, 644518, 530584, 350917, 22337]

Better Codes Found on 17.03.2019 14:43:04: (CCDS molWeight)
   [TA]
   [MS1,MS2,MS3,MS0,rMS,lMS,fMS,GMS,ImmerBesser] [92211, 150961, 212815, 31779, 349869, 708079, 536466, 211493, 2385]

Better Codes Found on 17.03.2019 14:44:51: (CCDS molWeight)
   [TA][TT]
   [MS1,MS2,MS3,MS0,rMS,lMS,fMS,GMS,ImmerBesser] [92211, 150961, 212815, 31779, 163429, 587487, 351431, 158316, 1548]

Better Codes Found on 17.03.2019 14:46:40: (CCDS molWeight)
   [NA][TA]
   [MS1,MS2,MS3,MS0,rMS,lMS,fMS,GMS,ImmerBesser] [92760, 167953, 215695, 36298, 353980, 674709, 518554, 210613, 2824]

Better Codes Found on 17.03.2019 14:48:29: (CCDS molWeight)
   [NA][TA][TT]
   [MS1,MS2,MS3,MS0,rMS,lMS,fMS,GMS,ImmerBesser] [92760, 167953, 215695, 36298, 171852, 551581, 337717, 158756, 1853]

Better Codes Found on 17.03.2019 14:50:38: (Chromosome 1 pKa)
   None
   [MS1,MS2,MS3,MS0,rMS,lMS,fMS,GMS,ImmerBesser] [351733, 215345, 657869, 293574, 490720, 490718, 490716, 403442, 69886]

Better Codes Found on 17.03.2019 14:52:27: (Chromosome 1 pKa)
   [TT]
   [MS1,MS2,MS3,MS0,rMS,lMS,fMS,GMS,ImmerBesser] [351733, 215345, 657869, 293574, 389152, 389152, 389152, 325328, 62002]

Better Codes Found on 17.03.2019 14:54:12: (Chromosome 1 pKa)
   [NA]
   [MS1,MS2,MS3,MS0,rMS,lMS,fMS,GMS,ImmerBesser] [313496, 246209, 651087, 288916, 495877, 419913, 459048, 381003, 65077]

Better Codes Found on 17.03.2019 14:56:04: (Chromosome 1 pKa)
   [NA][TT]
   [MS1,MS2,MS3,MS0,rMS,lMS,fMS,GMS,ImmerBesser] [313496, 246209, 651087, 288916, 394930, 308167, 350704, 303570, 54786]

Better Codes Found on 17.03.2019 14:57:50: (Chromosome 1 pKa)
   [TA]
   [MS1,MS2,MS3,MS0,rMS,lMS,fMS,GMS,ImmerBesser] [222167, 160867, 606055, 187581, 432592, 392257, 409012, 275796, 32123]

Better Codes Found on 17.03.2019 14:59:37: (Chromosome 1 pKa)
   [TA][TT]
   [MS1,MS2,MS3,MS0,rMS,lMS,fMS,GMS,ImmerBesser] [222167, 160867, 606055, 187581, 291617, 254719, 269816, 210947, 28213]

Better Codes Found on 17.03.2019 15:01:22: (Chromosome 1 pKa)
   [NA][TA]
   [MS1,MS2,MS3,MS0,rMS,lMS,fMS,GMS,ImmerBesser] [206395, 184675, 600073, 194414, 442703, 313690, 374234, 262617, 31627]

Better Codes Found on 17.03.2019 15:03:13: (Chromosome 1 pKa)
   [NA][TA][TT]
   [MS1,MS2,MS3,MS0,rMS,lMS,fMS,GMS,ImmerBesser] [206395, 184675, 600073, 194414, 298282, 193012, 241401, 200188, 26743]

Better Codes Found on 17.03.2019 15:05:01: (CCDS pKa)
   None
   [MS1,MS2,MS3,MS0,rMS,lMS,fMS,GMS,ImmerBesser] [351733, 215345, 657869, 293574, 490720, 490718, 490716, 403442, 69886]

Better Codes Found on 17.03.2019 15:06:49: (CCDS pKa)
   [TT]
   [MS1,MS2,MS3,MS0,rMS,lMS,fMS,GMS,ImmerBesser] [351733, 215345, 657869, 293574, 272272, 553181, 418736, 352028, 50943]

Better Codes Found on 17.03.2019 15:08:35: (CCDS pKa)
   [NA]
   [MS1,MS2,MS3,MS0,rMS,lMS,fMS,GMS,ImmerBesser] [349538, 209234, 656334, 287832, 477403, 491856, 484837, 396849, 67582]

Better Codes Found on 17.03.2019 15:10:30: (CCDS pKa)
   [NA][TT]
   [MS1,MS2,MS3,MS0,rMS,lMS,fMS,GMS,ImmerBesser] [349538, 209234, 656334, 287832, 257877, 546064, 408585, 343378, 48089]

Better Codes Found on 17.03.2019 15:12:17: (CCDS pKa)
   [TA]
   [MS1,MS2,MS3,MS0,rMS,lMS,fMS,GMS,ImmerBesser] [203072, 178036, 601699, 173121, 417062, 373078, 391659, 260892, 34930]

Better Codes Found on 17.03.2019 15:14:04: (CCDS pKa)
   [TA][TT]
   [MS1,MS2,MS3,MS0,rMS,lMS,fMS,GMS,ImmerBesser] [203072, 178036, 601699, 173121, 199640, 444265, 307193, 232011, 20050]

Better Codes Found on 17.03.2019 15:15:53: (CCDS pKa)
   [NA][TA]
   [MS1,MS2,MS3,MS0,rMS,lMS,fMS,GMS,ImmerBesser] [199527, 178693, 596056, 170800, 398008, 370687, 380587, 255179, 35055]

Better Codes Found on 17.03.2019 15:17:50: (CCDS pKa)
   [NA][TA][TT]
   [MS1,MS2,MS3,MS0,rMS,lMS,fMS,GMS,ImmerBesser] [199527, 178693, 596056, 170800, 188729, 436230, 298072, 227024, 19163]

Better Codes Found on 17.03.2019 15:20:35: (Chromosome 1 pKb)
   None
   [MS1,MS2,MS3,MS0,rMS,lMS,fMS,GMS,ImmerBesser] [807079, 600609, 92720, 615758, 508716, 508715, 508716, 552632, 28570]

Better Codes Found on 17.03.2019 15:22:29: (Chromosome 1 pKb)
   [TT]
   [MS1,MS2,MS3,MS0,rMS,lMS,fMS,GMS,ImmerBesser] [807079, 600609, 92720, 615758, 364174, 364174, 364174, 489521, 22025]

Better Codes Found on 17.03.2019 15:24:26: (Chromosome 1 pKb)
   [NA]
   [MS1,MS2,MS3,MS0,rMS,lMS,fMS,GMS,ImmerBesser] [814041, 532514, 86143, 582241, 514697, 510471, 512295, 541112, 22650]

Better Codes Found on 17.03.2019 15:26:25: (Chromosome 1 pKb)
   [NA][TT]
   [MS1,MS2,MS3,MS0,rMS,lMS,fMS,GMS,ImmerBesser] [814041, 532514, 86143, 582241, 377892, 386328, 381974, 477297, 17980]

Better Codes Found on 17.03.2019 15:28:27: (Chromosome 1 pKb)
   [TA]
   [MS1,MS2,MS3,MS0,rMS,lMS,fMS,GMS,ImmerBesser] [689774, 527602, 107912, 438466, 367627, 344891, 353107, 384359, 20743]

Better Codes Found on 17.03.2019 15:30:43: (Chromosome 1 pKb)
   [TA][TT]
   [MS1,MS2,MS3,MS0,rMS,lMS,fMS,GMS,ImmerBesser] [689774, 527602, 107912, 438466, 298117, 303541, 298001, 348733, 20503]

Better Codes Found on 17.03.2019 15:32:41: (Chromosome 1 pKb)
   [NA][TA]
   [MS1,MS2,MS3,MS0,rMS,lMS,fMS,GMS,ImmerBesser] [696340, 470156, 102080, 411442, 380220, 375675, 376169, 383361, 19322]

Better Codes Found on 17.03.2019 15:34:37: (Chromosome 1 pKb)
   [NA][TA][TT]
   [MS1,MS2,MS3,MS0,rMS,lMS,fMS,GMS,ImmerBesser] [696340, 470156, 102080, 411442, 313618, 332179, 320958, 350638, 19476]

Better Codes Found on 17.03.2019 15:36:37: (CCDS pKb)
   None
   [MS1,MS2,MS3,MS0,rMS,lMS,fMS,GMS,ImmerBesser] [807079, 600609, 92720, 615758, 508716, 508715, 508716, 552632, 28570]

Better Codes Found on 17.03.2019 15:38:31: (CCDS pKb)
   [TT]
   [MS1,MS2,MS3,MS0,rMS,lMS,fMS,GMS,ImmerBesser] [807079, 600609, 92720, 615758, 423971, 417035, 416093, 505762, 20893]

Better Codes Found on 17.03.2019 15:40:21: (CCDS pKb)
   [NA]
   [MS1,MS2,MS3,MS0,rMS,lMS,fMS,GMS,ImmerBesser] [798112, 620167, 92934, 620201, 504408, 511165, 507739, 552781, 28957]

Better Codes Found on 17.03.2019 15:42:30: (CCDS pKb)
   [NA][TT]
   [MS1,MS2,MS3,MS0,rMS,lMS,fMS,GMS,ImmerBesser] [798112, 620167, 92934, 620201, 412923, 413416, 408636, 501865, 21090]

Better Codes Found on 17.03.2019 15:44:25: (CCDS pKb)
   [TA]
   [MS1,MS2,MS3,MS0,rMS,lMS,fMS,GMS,ImmerBesser] [743785, 383257, 61058, 340788, 490359, 434638, 458830, 394277, 10183]

Better Codes Found on 17.03.2019 15:46:27: (CCDS pKb)
   [TA][TT]
   [MS1,MS2,MS3,MS0,rMS,lMS,fMS,GMS,ImmerBesser] [743785, 383257, 61058, 340788, 345978, 383413, 349602, 331161, 7268]

Better Codes Found on 17.03.2019 15:48:26: (CCDS pKb)
   [NA][TA]
   [MS1,MS2,MS3,MS0,rMS,lMS,fMS,GMS,ImmerBesser] [730691, 403308, 61468, 348394, 481639, 433065, 453449, 394567, 10643]

Better Codes Found on 17.03.2019 15:50:20: (CCDS pKb)
   [NA][TA][TT]
   [MS1,MS2,MS3,MS0,rMS,lMS,fMS,GMS,ImmerBesser] [730691, 403308, 61468, 348394, 336570, 379992, 342063, 329350, 7517]

Better Codes Found on 17.03.2019 15:52:47: (Chromosome 1 pI)
   None
   [MS1,MS2,MS3,MS0,rMS,lMS,fMS,GMS,ImmerBesser] [581911, 483362, 733173, 584481, 862296, 862296, 862296, 771697, 264166]

Better Codes Found on 17.03.2019 15:54:37: (Chromosome 1 pI)
   [TT]
   [MS1,MS2,MS3,MS0,rMS,lMS,fMS,GMS,ImmerBesser] [581911, 483362, 733173, 584481, 566036, 566036, 566036, 575966, 234146]

Better Codes Found on 17.03.2019 15:56:25: (Chromosome 1 pI)
   [NA]
   [MS1,MS2,MS3,MS0,rMS,lMS,fMS,GMS,ImmerBesser] [541316, 451136, 743159, 552049, 863580, 818944, 842329, 748553, 240304]

Better Codes Found on 17.03.2019 15:58:13: (Chromosome 1 pI)
   [NA][TT]
   [MS1,MS2,MS3,MS0,rMS,lMS,fMS,GMS,ImmerBesser] [541316, 451136, 743159, 552049, 556135, 529281, 542905, 548326, 208233]

Better Codes Found on 17.03.2019 16:00:00: (Chromosome 1 pI)
   [TA]
   [MS1,MS2,MS3,MS0,rMS,lMS,fMS,GMS,ImmerBesser] [527084, 287853, 761349, 487723, 516153, 766540, 655780, 592718, 157660]

Better Codes Found on 17.03.2019 16:01:49: (Chromosome 1 pI)
   [TA][TT]
   [MS1,MS2,MS3,MS0,rMS,lMS,fMS,GMS,ImmerBesser] [527084, 287853, 761349, 487723, 632704, 582533, 610195, 566029, 160239]

Better Codes Found on 17.03.2019 16:03:50: (Chromosome 1 pI)
   [NA][TA]
   [MS1,MS2,MS3,MS0,rMS,lMS,fMS,GMS,ImmerBesser] [457662, 239448, 770141, 432726, 519407, 685341, 608442, 539541, 132730]

Better Codes Found on 17.03.2019 16:05:42: (Chromosome 1 pI)
   [NA][TA][TT]
   [MS1,MS2,MS3,MS0,rMS,lMS,fMS,GMS,ImmerBesser] [457662, 239448, 770141, 432726, 628737, 517216, 575470, 522995, 132140]

Better Codes Found on 17.03.2019 16:07:31: (CCDS pI)
   None
   [MS1,MS2,MS3,MS0,rMS,lMS,fMS,GMS,ImmerBesser] [581911, 483362, 733173, 584481, 862296, 862296, 862296, 771697, 264166]

Better Codes Found on 17.03.2019 16:09:18: (CCDS pI)
   [TT]
   [MS1,MS2,MS3,MS0,rMS,lMS,fMS,GMS,ImmerBesser] [581911, 483362, 733173, 584481, 826435, 911852, 875876, 779583, 262353]

Better Codes Found on 17.03.2019 16:11:07: (CCDS pI)
   [NA]
   [MS1,MS2,MS3,MS0,rMS,lMS,fMS,GMS,ImmerBesser] [597804, 498339, 731512, 601023, 867489, 882640, 875188, 787911, 273644]

Better Codes Found on 17.03.2019 16:12:56: (CCDS pI)
   [NA][TT]
   [MS1,MS2,MS3,MS0,rMS,lMS,fMS,GMS,ImmerBesser] [597804, 498339, 731512, 601023, 840291, 931246, 894694, 801360, 272035]

Better Codes Found on 17.03.2019 16:14:44: (CCDS pI)
   [TA]
   [MS1,MS2,MS3,MS0,rMS,lMS,fMS,GMS,ImmerBesser] [706914, 419616, 683241, 602406, 760832, 975435, 909464, 834108, 223750]

Better Codes Found on 17.03.2019 16:16:50: (CCDS pI)
   [TA][TT]
   [MS1,MS2,MS3,MS0,rMS,lMS,fMS,GMS,ImmerBesser] [706914, 419616, 683241, 602406, 932718, 978763, 969811, 927520, 229165]

Better Codes Found on 17.03.2019 16:18:38: (CCDS pI)
   [NA][TA]
   [MS1,MS2,MS3,MS0,rMS,lMS,fMS,GMS,ImmerBesser] [731992, 436213, 682995, 628627, 775613, 981982, 924959, 855960, 236099]

Better Codes Found on 17.03.2019 16:20:27: (CCDS pI)
   [NA][TA][TT]
   [MS1,MS2,MS3,MS0,rMS,lMS,fMS,GMS,ImmerBesser] [731992, 436213, 682995, 628627, 942997, 983184, 976167, 941806, 241801]

Better Codes Found on 23.03.2019 12:45:40: (Chromosome 1 movlolume)
   None
   [MS1,MS2,MS3,MS0,rMS,lMS,fMS,GMS,ImmerBesser] [95096, 321206, 425268, 109222, 699469, 699469, 699469, 424349, 11180]

Better Codes Found on 23.03.2019 12:47:38: (Chromosome 1 movlolume)
   [TT]
   [MS1,MS2,MS3,MS0,rMS,lMS,fMS,GMS,ImmerBesser] [95096, 321206, 425268, 109222, 491891, 491891, 491891, 257947, 9708]

Better Codes Found on 23.03.2019 12:49:30: (Chromosome 1 movlolume)
   [NA]
   [MS1,MS2,MS3,MS0,rMS,lMS,fMS,GMS,ImmerBesser] [78402, 262924, 415549, 76041, 697448, 719334, 708662, 403981, 6776]

Better Codes Found on 23.03.2019 12:51:23: (Chromosome 1 movlolume)
   [NA][TT]
   [MS1,MS2,MS3,MS0,rMS,lMS,fMS,GMS,ImmerBesser] [78402, 262924, 415549, 76041, 463438, 556906, 511651, 244999, 5902]

Better Codes Found on 23.03.2019 12:53:12: (Chromosome 1 movlolume)
   [TA]
   [MS1,MS2,MS3,MS0,rMS,lMS,fMS,GMS,ImmerBesser] [33805, 268413, 416325, 45698, 497701, 437243, 466072, 181138, 2407]

Better Codes Found on 23.03.2019 12:55:04: (Chromosome 1 movlolume)
   [TA][TT]
   [MS1,MS2,MS3,MS0,rMS,lMS,fMS,GMS,ImmerBesser] [33805, 268413, 416325, 45698, 461190, 284340, 371122, 159936, 2150]

Better Codes Found on 23.03.2019 12:56:55: (Chromosome 1 movlolume)
   [NA][TA]
   [MS1,MS2,MS3,MS0,rMS,lMS,fMS,GMS,ImmerBesser] [28766, 227745, 408227, 33784, 495453, 483243, 488591, 176483, 1474]

Better Codes Found on 23.03.2019 12:58:47: (Chromosome 1 movlolume)
   [NA][TA][TT]
   [MS1,MS2,MS3,MS0,rMS,lMS,fMS,GMS,ImmerBesser] [28766, 227745, 408227, 33784, 439736, 347754, 393313, 161582, 1379]

Better Codes Found on 23.03.2019 13:00:45: (CCDS molVolume)
   None
   [MS1,MS2,MS3,MS0,rMS,lMS,fMS,GMS,ImmerBesser] [95096, 321206, 425268, 109222, 699469, 699469, 699469, 424349, 11180]

Better Codes Found on 23.03.2019 13:02:39: (CCDS molVolume)
   [TT]
   [MS1,MS2,MS3,MS0,rMS,lMS,fMS,GMS,ImmerBesser] [95096, 321206, 425268, 109222, 400150, 647182, 525800, 295681, 9040]

Better Codes Found on 23.03.2019 13:04:30: (CCDS molVolume)
   [NA]
   [MS1,MS2,MS3,MS0,rMS,lMS,fMS,GMS,ImmerBesser] [97806, 322468, 423527, 110796, 699715, 668177, 684080, 412696, 11453]

Better Codes Found on 23.03.2019 13:06:28: (CCDS molVolume)
   [NA][TT]
   [MS1,MS2,MS3,MS0,rMS,lMS,fMS,GMS,ImmerBesser] [97806, 322468, 423527, 110796, 400340, 598533, 499077, 282560, 9286]

Better Codes Found on 23.03.2019 13:08:17: (CCDS molVolume)
   [TA]
   [MS1,MS2,MS3,MS0,rMS,lMS,fMS,GMS,ImmerBesser] [34298, 196542, 303070, 20864, 414105, 635186, 525555, 169789, 980]

Better Codes Found on 23.03.2019 13:10:07: (CCDS molVolume)
   [TA][TT]
   [MS1,MS2,MS3,MS0,rMS,lMS,fMS,GMS,ImmerBesser] [34298, 196542, 303070, 20864, 180536, 586599, 359624, 136676, 617]

Better Codes Found on 23.03.2019 13:11:59: (CCDS molVolume)
   [NA][TA]
   [MS1,MS2,MS3,MS0,rMS,lMS,fMS,GMS,ImmerBesser] [34227, 197898, 303513, 21078, 410728, 599419, 504773, 162194, 1031]

Better Codes Found on 23.03.2019 13:13:51: (CCDS molVolume)
   [NA][TA][TT]
   [MS1,MS2,MS3,MS0,rMS,lMS,fMS,GMS,ImmerBesser] [34227, 197898, 303513, 21078, 179774, 551270, 340263, 130409, 651]

